<?xml version="1.0" encoding="UTF-8"?>
<!-- Generated by org.testng.reporters.JUnitReportReporter -->
<testsuite hostname="MDALLAL" failures="0" tests="5" name="SQL_first.SQL_first.AppTest" time="0.653" errors="0" timestamp="2025-05-16T22:44:29 GMT+03:00" skipped="0">
  <testcase classname="SQL_first.SQL_first.AppTest" name="Insert_to_DataBase" time="0.054"/>
  <testcase classname="SQL_first.SQL_first.AppTest" name="Update_DataBase" time="0.009"/>
  <testcase classname="SQL_first.SQL_first.AppTest" name="Read_DataBase" time="0.550"/>
  <testcase classname="SQL_first.SQL_first.AppTest" name="Delete_from_DataBase" time="0.030"/>
  <testcase classname="SQL_first.SQL_first.AppTest" name="confirm_delete" time="0.010"/>
</testsuite> <!-- SQL_first.SQL_first.AppTest -->
